[debug] > Exec(early(addDefaultCommands), None, None)
[debug] > Exec(addDefaultCommands, None, None)
[debug] > Exec(early(initialize), None, None)
[debug] > Exec(initialize, None, None)
[debug] > Exec(boot, None, None)
[debug] > Exec(writeSbtVersion, None, None)
[debug] > Exec(reload, None, None)
[debug] > Exec(sbtStashOnFailure, None, None)
[debug] > Exec(onFailure loadFailed, None, None)
[debug] > Exec(loadp, None, None)
[info] welcome to sbt 1.5.5 (Oracle Corporation Java 17.0.1)
[debug] Load.defaultLoad until apply took 301.539725ms
[debug]                       Load.loadUnit: plugins took 68.605346ms
[debug]                       Load.loadUnit: defsScala took 0.214085ms
[debug] [Loading] Scanning directory /Users/raulraja/workspace/scala-fx/project/project/project
[debug]                         Load.loadUnit: mkEval took 4.817419ms
[debug] [Loading] Found non-root projects 
[debug] [Loading] Done in /Users/raulraja/workspace/scala-fx/project/project/project, returning: ()
[debug] deducing auto plugins based on known facts Set(Atom(sbt.plugins.CorePlugin)) and clauses Clauses(Clause(Atom(sbt.plugins.JvmPlugin),Set(Atom(sbt.plugins.IvyPlugin)))
[debug] Clause(Atom(sbt.ScriptedPlugin),Set(Atom(sbt.plugins.JvmPlugin)))
[debug] Clause(Atom(sbt.plugins.SbtPlugin),Set(Atom(sbt.ScriptedPlugin)))
[debug] Clause(Atom(sbt.plugins.SemanticdbPlugin),Set(Atom(sbt.plugins.JvmPlugin)))
[debug] Clause(Atom(sbt.plugins.JUnitXmlReportPlugin),Set(Atom(sbt.plugins.JvmPlugin)))
[debug] Clause(Atom(sbt.plugins.MiniDependencyTreePlugin),Set(Atom(sbt.plugins.JvmPlugin)))
[debug] Clause(Atom(sbt.plugins.CorePlugin),Set(Atom(sbt.plugins.IvyPlugin)))
[debug] Clause(Atom(sbt.plugins.IvyPlugin),Set(Atom(sbt.plugins.JvmPlugin)))
[debug] Clause(Atom(sbt.plugins.JvmPlugin),Set(Atom(sbt.plugins.SemanticdbPlugin)))
[debug] Clause(Atom(sbt.plugins.JvmPlugin),Set(Atom(sbt.plugins.JUnitXmlReportPlugin)))
[debug] Clause(Atom(sbt.plugins.CorePlugin),Set(Atom(sbt.plugins.Giter8TemplatePlugin)))
[debug] Clause(Atom(sbt.plugins.JvmPlugin),Set(Atom(sbt.plugins.MiniDependencyTreePlugin))))
[debug]   :: deduced result: Matched(sbt.plugins.CorePlugin,sbt.plugins.Giter8TemplatePlugin,sbt.plugins.IvyPlugin,sbt.plugins.JvmPlugin,sbt.plugins.MiniDependencyTreePlugin,sbt.plugins.JUnitXmlReportPlugin,sbt.plugins.SemanticdbPlugin)
[debug] Plugins.deducer#function took 12.12695 ms
[info] loading settings for project scala-fx-build-build-build from metals.sbt ...
[debug]                           Load.resolveProject(scala-fx-build-build-build) took 32.262303ms
[debug]                         Load.loadTransitive: finalizeProject(Project(id scala-fx-build-build-build, base: /Users/raulraja/workspace/scala-fx/project/project/project, plugins: List(<none>))) took 57.664757ms
[debug] [Loading] Done in /Users/raulraja/workspace/scala-fx/project/project/project, returning: (scala-fx-build-build-build)
[debug]                       Load.loadUnit: loadedProjectsRaw took 223.151735ms
[debug]                       Load.loadUnit: cleanEvalClasses took 4.075827ms
[debug]                     Load.loadUnit(file:/Users/raulraja/workspace/scala-fx/project/project/project/, ...) took 300.719014ms
